mode: set
discord-clone-server/app/controllers/role.go:15.60,16.30 1 0
discord-clone-server/app/controllers/role.go:16.30,54.3 1 0
discord-clone-server/app/controllers/server.go:20.147,21.30 1 1
discord-clone-server/app/controllers/server.go:21.30,23.17 2 1
discord-clone-server/app/controllers/server.go:27.3,28.42 2 1
discord-clone-server/app/controllers/server.go:32.3,33.17 2 1
discord-clone-server/app/controllers/server.go:38.3,39.17 2 1
discord-clone-server/app/controllers/server.go:44.3,54.44 2 1
discord-clone-server/app/controllers/server.go:59.3,59.50 1 1
discord-clone-server/app/controllers/server.go:64.3,71.17 2 1
discord-clone-server/app/controllers/server.go:76.3,77.9 2 1
discord-clone-server/app/controllers/server.go:23.17,26.4 2 0
discord-clone-server/app/controllers/server.go:28.42,31.4 2 1
discord-clone-server/app/controllers/server.go:33.17,36.4 2 0
discord-clone-server/app/controllers/server.go:39.17,42.4 2 0
discord-clone-server/app/controllers/server.go:54.44,57.4 2 0
discord-clone-server/app/controllers/server.go:59.50,62.4 2 0
discord-clone-server/app/controllers/server.go:71.17,74.4 2 0
discord-clone-server/app/controllers/server.go:87.110,88.30 1 1
discord-clone-server/app/controllers/server.go:88.30,90.17 2 1
discord-clone-server/app/controllers/server.go:95.3,96.42 2 1
discord-clone-server/app/controllers/server.go:101.3,102.22 2 1
discord-clone-server/app/controllers/server.go:112.3,113.17 2 1
discord-clone-server/app/controllers/server.go:118.3,119.17 2 1
discord-clone-server/app/controllers/server.go:124.3,125.17 2 1
discord-clone-server/app/controllers/server.go:130.3,131.17 2 1
discord-clone-server/app/controllers/server.go:137.3,139.70 3 1
discord-clone-server/app/controllers/server.go:144.3,148.9 3 1
discord-clone-server/app/controllers/server.go:90.17,93.4 2 0
discord-clone-server/app/controllers/server.go:96.42,99.4 2 0
discord-clone-server/app/controllers/server.go:102.22,104.18 2 1
discord-clone-server/app/controllers/server.go:104.18,107.5 2 0
discord-clone-server/app/controllers/server.go:108.10,110.4 0 0
discord-clone-server/app/controllers/server.go:113.17,116.4 2 0
discord-clone-server/app/controllers/server.go:119.17,122.4 2 0
discord-clone-server/app/controllers/server.go:125.17,128.4 2 0
discord-clone-server/app/controllers/server.go:131.17,135.4 2 0
discord-clone-server/app/controllers/server.go:139.70,142.4 2 0
discord-clone-server/app/controllers/server.go:157.104,158.30 1 1
discord-clone-server/app/controllers/server.go:158.30,160.17 2 1
discord-clone-server/app/controllers/server.go:165.3,166.42 2 1
discord-clone-server/app/controllers/server.go:170.3,172.24 2 1
discord-clone-server/app/controllers/server.go:204.3,204.50 1 1
discord-clone-server/app/controllers/server.go:208.3,216.17 2 1
discord-clone-server/app/controllers/server.go:220.3,221.9 2 1
discord-clone-server/app/controllers/server.go:160.17,163.4 2 0
discord-clone-server/app/controllers/server.go:166.42,169.4 2 1
discord-clone-server/app/controllers/server.go:172.24,176.69 2 1
discord-clone-server/app/controllers/server.go:180.4,180.41 1 1
discord-clone-server/app/controllers/server.go:184.4,184.29 1 1
discord-clone-server/app/controllers/server.go:189.4,189.66 1 1
discord-clone-server/app/controllers/server.go:176.69,179.5 2 0
discord-clone-server/app/controllers/server.go:180.41,183.5 2 0
discord-clone-server/app/controllers/server.go:184.29,187.5 2 1
discord-clone-server/app/controllers/server.go:189.66,192.5 2 0
discord-clone-server/app/controllers/server.go:193.9,194.64 1 1
discord-clone-server/app/controllers/server.go:198.4,198.30 1 1
discord-clone-server/app/controllers/server.go:194.64,197.5 2 0
discord-clone-server/app/controllers/server.go:198.30,201.5 2 1
discord-clone-server/app/controllers/server.go:204.50,207.4 2 0
discord-clone-server/app/controllers/server.go:216.17,219.4 2 0
discord-clone-server/app/controllers/user.go:13.57,14.30 1 1
discord-clone-server/app/controllers/user.go:14.30,16.17 2 0
discord-clone-server/app/controllers/user.go:21.3,23.5 1 0
discord-clone-server/app/controllers/user.go:16.17,20.4 1 0
discord-clone-server/app/controllers/user.go:37.58,38.30 1 1
discord-clone-server/app/controllers/user.go:38.30,40.42 2 1
discord-clone-server/app/controllers/user.go:45.3,52.41 2 1
discord-clone-server/app/controllers/user.go:57.3,58.49 2 1
discord-clone-server/app/controllers/user.go:40.42,43.4 2 1
discord-clone-server/app/controllers/user.go:52.41,55.4 2 0
discord-clone-server/app/controllers/user.go:70.54,71.30 1 1
discord-clone-server/app/controllers/user.go:71.30,73.42 2 1
discord-clone-server/app/controllers/user.go:77.3,79.17 3 1
discord-clone-server/app/controllers/user.go:85.3,85.56 1 1
discord-clone-server/app/controllers/user.go:89.3,92.9 3 1
discord-clone-server/app/controllers/user.go:73.42,76.4 2 0
discord-clone-server/app/controllers/user.go:79.17,83.4 2 0
discord-clone-server/app/controllers/user.go:85.56,87.4 1 0
discord-clone-server/app/controllers/user.go:97.29,101.2 3 0
discord-clone-server/repositories/permission.go:10.52,14.2 1 0
discord-clone-server/repositories/permission.go:30.69,32.2 1 0
discord-clone-server/repositories/permission.go:34.60,36.54 2 0
discord-clone-server/repositories/permission.go:40.2,40.25 1 0
discord-clone-server/repositories/permission.go:36.54,38.3 1 0
discord-clone-server/repositories/permission.go:48.81,50.15 2 0
discord-clone-server/repositories/permission.go:62.2,62.24 1 0
discord-clone-server/repositories/permission.go:50.15,52.34 2 0
discord-clone-server/repositories/permission.go:52.34,54.4 1 0
discord-clone-server/repositories/permission.go:55.8,55.31 1 0
discord-clone-server/repositories/permission.go:55.31,57.34 2 0
discord-clone-server/repositories/permission.go:57.34,59.4 1 0
discord-clone-server/repositories/permission.go:66.107,83.2 4 0
discord-clone-server/repositories/permission.go:85.92,89.2 3 0
discord-clone-server/repositories/permission.go:91.119,92.36 1 0
discord-clone-server/repositories/permission.go:98.2,99.36 2 0
discord-clone-server/repositories/permission.go:106.2,106.44 1 0
discord-clone-server/repositories/permission.go:110.2,110.12 1 0
discord-clone-server/repositories/permission.go:92.36,93.30 1 0
discord-clone-server/repositories/permission.go:93.30,95.4 1 0
discord-clone-server/repositories/permission.go:99.36,100.41 1 0
discord-clone-server/repositories/permission.go:100.41,101.36 1 0
discord-clone-server/repositories/permission.go:101.36,103.5 1 0
discord-clone-server/repositories/permission.go:106.44,108.3 1 0
discord-clone-server/repositories/permission.go:113.77,119.2 4 0
discord-clone-server/repositories/role.go:9.40,13.2 1 0
discord-clone-server/repositories/role.go:30.51,32.2 1 0
discord-clone-server/repositories/role.go:34.48,36.48 2 0
discord-clone-server/repositories/role.go:40.2,40.19 1 0
discord-clone-server/repositories/role.go:36.48,38.3 1 0
discord-clone-server/repositories/role.go:48.63,50.15 2 0
discord-clone-server/repositories/role.go:62.2,62.18 1 0
discord-clone-server/repositories/role.go:50.15,52.34 2 0
discord-clone-server/repositories/role.go:52.34,54.4 1 0
discord-clone-server/repositories/role.go:55.8,55.25 1 0
discord-clone-server/repositories/role.go:55.25,57.34 2 0
discord-clone-server/repositories/role.go:57.34,59.4 1 0
discord-clone-server/repositories/role.go:66.89,81.2 4 0
discord-clone-server/repositories/role.go:84.87,87.24 2 0
discord-clone-server/repositories/role.go:91.2,91.18 1 0
discord-clone-server/repositories/role.go:87.24,90.3 1 0
discord-clone-server/repositories/role.go:94.80,98.2 3 0
discord-clone-server/repositories/role.go:100.58,104.33 4 0
discord-clone-server/repositories/role.go:108.2,113.23 2 0
discord-clone-server/repositories/role.go:104.33,106.3 1 0
discord-clone-server/repositories/role.go:116.57,134.33 4 0
discord-clone-server/repositories/role.go:138.2,143.23 2 0
discord-clone-server/repositories/role.go:134.33,136.3 1 0
discord-clone-server/repositories/server.go:10.44,14.2 1 0
discord-clone-server/repositories/server.go:28.75,30.2 1 0
discord-clone-server/repositories/server.go:32.57,34.2 1 0
discord-clone-server/repositories/server.go:36.70,38.2 1 0
discord-clone-server/repositories/server.go:40.79,42.2 1 0
discord-clone-server/repositories/server.go:44.87,46.83 2 0
discord-clone-server/repositories/server.go:50.2,50.17 1 0
discord-clone-server/repositories/server.go:54.2,54.12 1 0
discord-clone-server/repositories/server.go:46.83,48.3 1 0
discord-clone-server/repositories/server.go:50.17,52.3 1 0
discord-clone-server/repositories/user.go:10.40,14.2 1 1
discord-clone-server/repositories/user.go:29.51,31.2 1 1
discord-clone-server/repositories/user.go:33.48,35.48 2 1
discord-clone-server/repositories/user.go:39.2,39.19 1 1
discord-clone-server/repositories/user.go:35.48,37.3 1 0
discord-clone-server/repositories/user.go:50.63,52.15 2 1
discord-clone-server/repositories/user.go:69.2,69.18 1 1
discord-clone-server/repositories/user.go:52.15,54.34 2 1
discord-clone-server/repositories/user.go:54.34,56.4 1 0
discord-clone-server/repositories/user.go:57.8,57.26 1 1
discord-clone-server/repositories/user.go:57.26,59.34 2 1
discord-clone-server/repositories/user.go:59.34,61.4 1 0
discord-clone-server/repositories/user.go:62.8,62.29 1 1
discord-clone-server/repositories/user.go:62.29,64.34 2 1
discord-clone-server/repositories/user.go:64.34,66.4 1 0
