mode: set
discord-clone-server/app/controllers/role.go:15.60,16.30 1 0
discord-clone-server/app/controllers/role.go:16.30,54.3 1 0
discord-clone-server/app/controllers/server.go:18.147,19.30 1 1
discord-clone-server/app/controllers/server.go:19.30,21.17 2 1
discord-clone-server/app/controllers/server.go:25.3,26.42 2 1
discord-clone-server/app/controllers/server.go:31.3,32.17 2 1
discord-clone-server/app/controllers/server.go:37.3,38.17 2 1
discord-clone-server/app/controllers/server.go:43.3,53.44 2 1
discord-clone-server/app/controllers/server.go:58.3,58.50 1 1
discord-clone-server/app/controllers/server.go:63.3,70.17 2 1
discord-clone-server/app/controllers/server.go:75.3,76.9 2 1
discord-clone-server/app/controllers/server.go:21.17,24.4 2 0
discord-clone-server/app/controllers/server.go:26.42,29.4 2 0
discord-clone-server/app/controllers/server.go:32.17,35.4 2 0
discord-clone-server/app/controllers/server.go:38.17,41.4 2 0
discord-clone-server/app/controllers/server.go:53.44,56.4 2 0
discord-clone-server/app/controllers/server.go:58.50,61.4 2 0
discord-clone-server/app/controllers/server.go:70.17,73.4 2 0
discord-clone-server/app/controllers/server.go:86.110,87.30 1 1
discord-clone-server/app/controllers/server.go:87.30,89.17 2 1
discord-clone-server/app/controllers/server.go:94.3,95.42 2 1
discord-clone-server/app/controllers/server.go:100.3,101.22 2 1
discord-clone-server/app/controllers/server.go:111.3,112.17 2 1
discord-clone-server/app/controllers/server.go:117.3,118.17 2 1
discord-clone-server/app/controllers/server.go:123.3,124.17 2 1
discord-clone-server/app/controllers/server.go:129.3,130.17 2 1
discord-clone-server/app/controllers/server.go:136.3,139.70 3 1
discord-clone-server/app/controllers/server.go:148.3,152.9 3 1
discord-clone-server/app/controllers/server.go:89.17,92.4 2 0
discord-clone-server/app/controllers/server.go:95.42,98.4 2 0
discord-clone-server/app/controllers/server.go:101.22,103.18 2 1
discord-clone-server/app/controllers/server.go:103.18,106.5 2 0
discord-clone-server/app/controllers/server.go:107.10,109.4 0 0
discord-clone-server/app/controllers/server.go:112.17,115.4 2 0
discord-clone-server/app/controllers/server.go:118.17,121.4 2 0
discord-clone-server/app/controllers/server.go:124.17,127.4 2 0
discord-clone-server/app/controllers/server.go:130.17,134.4 2 0
discord-clone-server/app/controllers/server.go:139.70,142.4 2 0
discord-clone-server/app/controllers/server.go:161.104,162.30 1 1
discord-clone-server/app/controllers/server.go:162.31,260.3 0 0
discord-clone-server/app/controllers/user.go:13.57,14.30 1 1
discord-clone-server/app/controllers/user.go:14.30,16.17 2 0
discord-clone-server/app/controllers/user.go:21.3,23.5 1 0
discord-clone-server/app/controllers/user.go:16.17,20.4 1 0
discord-clone-server/app/controllers/user.go:37.58,38.30 1 1
discord-clone-server/app/controllers/user.go:38.30,40.42 2 1
discord-clone-server/app/controllers/user.go:45.3,52.41 2 1
discord-clone-server/app/controllers/user.go:57.3,58.49 2 1
discord-clone-server/app/controllers/user.go:40.42,43.4 2 1
discord-clone-server/app/controllers/user.go:52.41,55.4 2 0
discord-clone-server/app/controllers/user.go:70.54,71.30 1 1
discord-clone-server/app/controllers/user.go:71.30,73.42 2 1
discord-clone-server/app/controllers/user.go:77.3,79.17 3 1
discord-clone-server/app/controllers/user.go:85.3,85.56 1 1
discord-clone-server/app/controllers/user.go:89.3,92.9 3 1
discord-clone-server/app/controllers/user.go:73.42,76.4 2 0
discord-clone-server/app/controllers/user.go:79.17,83.4 2 0
discord-clone-server/app/controllers/user.go:85.56,87.4 1 0
discord-clone-server/app/controllers/user.go:97.29,101.2 3 0
discord-clone-server/repositories/permission.go:11.52,15.2 1 0
discord-clone-server/repositories/permission.go:31.69,33.2 1 0
discord-clone-server/repositories/permission.go:35.60,37.54 2 0
discord-clone-server/repositories/permission.go:41.2,41.25 1 0
discord-clone-server/repositories/permission.go:37.54,39.3 1 0
discord-clone-server/repositories/permission.go:49.81,51.15 2 0
discord-clone-server/repositories/permission.go:63.2,63.24 1 0
discord-clone-server/repositories/permission.go:51.15,53.34 2 0
discord-clone-server/repositories/permission.go:53.34,55.4 1 0
discord-clone-server/repositories/permission.go:56.8,56.31 1 0
discord-clone-server/repositories/permission.go:56.31,58.34 2 0
discord-clone-server/repositories/permission.go:58.34,60.4 1 0
discord-clone-server/repositories/permission.go:67.107,86.2 5 0
discord-clone-server/repositories/permission.go:88.92,92.2 3 0
discord-clone-server/repositories/permission.go:94.119,95.36 1 0
discord-clone-server/repositories/permission.go:101.2,102.36 2 0
discord-clone-server/repositories/permission.go:109.2,109.44 1 0
discord-clone-server/repositories/permission.go:113.2,113.12 1 0
discord-clone-server/repositories/permission.go:95.36,96.30 1 0
discord-clone-server/repositories/permission.go:96.30,98.4 1 0
discord-clone-server/repositories/permission.go:102.36,103.41 1 0
discord-clone-server/repositories/permission.go:103.41,104.36 1 0
discord-clone-server/repositories/permission.go:104.36,106.5 1 0
discord-clone-server/repositories/permission.go:109.44,111.3 1 0
discord-clone-server/repositories/permission.go:116.77,122.2 4 0
discord-clone-server/repositories/role.go:10.40,14.2 1 0
discord-clone-server/repositories/role.go:31.51,33.2 1 0
discord-clone-server/repositories/role.go:35.48,37.48 2 0
discord-clone-server/repositories/role.go:41.2,41.19 1 0
discord-clone-server/repositories/role.go:37.48,39.3 1 0
discord-clone-server/repositories/role.go:49.63,51.15 2 0
discord-clone-server/repositories/role.go:63.2,63.18 1 0
discord-clone-server/repositories/role.go:51.15,53.34 2 0
discord-clone-server/repositories/role.go:53.34,55.4 1 0
discord-clone-server/repositories/role.go:56.8,56.25 1 0
discord-clone-server/repositories/role.go:56.25,58.34 2 0
discord-clone-server/repositories/role.go:58.34,60.4 1 0
discord-clone-server/repositories/role.go:67.89,83.2 5 0
discord-clone-server/repositories/role.go:86.87,89.24 2 0
discord-clone-server/repositories/role.go:94.2,94.18 1 0
discord-clone-server/repositories/role.go:89.24,93.3 2 0
discord-clone-server/repositories/role.go:97.80,101.2 3 0
discord-clone-server/repositories/role.go:103.58,107.33 4 0
discord-clone-server/repositories/role.go:111.2,116.23 2 0
discord-clone-server/repositories/role.go:107.33,109.3 1 0
discord-clone-server/repositories/role.go:119.57,137.33 4 0
discord-clone-server/repositories/role.go:141.2,146.23 2 0
discord-clone-server/repositories/role.go:137.33,139.3 1 0
discord-clone-server/repositories/server.go:10.44,14.2 1 0
discord-clone-server/repositories/server.go:27.75,29.2 1 0
discord-clone-server/repositories/server.go:31.57,33.2 1 0
discord-clone-server/repositories/server.go:35.70,37.2 1 0
discord-clone-server/repositories/server.go:39.87,41.83 2 0
discord-clone-server/repositories/server.go:45.2,45.17 1 0
discord-clone-server/repositories/server.go:49.2,49.12 1 0
discord-clone-server/repositories/server.go:41.83,43.3 1 0
discord-clone-server/repositories/server.go:45.17,47.3 1 0
discord-clone-server/repositories/user.go:10.40,14.2 1 1
discord-clone-server/repositories/user.go:29.51,31.2 1 1
discord-clone-server/repositories/user.go:33.48,35.48 2 1
discord-clone-server/repositories/user.go:39.2,39.19 1 1
discord-clone-server/repositories/user.go:35.48,37.3 1 0
discord-clone-server/repositories/user.go:50.63,52.15 2 0
discord-clone-server/repositories/user.go:69.2,69.18 1 0
discord-clone-server/repositories/user.go:52.15,54.34 2 0
discord-clone-server/repositories/user.go:54.34,56.4 1 0
discord-clone-server/repositories/user.go:57.8,57.26 1 0
discord-clone-server/repositories/user.go:57.26,59.34 2 0
discord-clone-server/repositories/user.go:59.34,61.4 1 0
discord-clone-server/repositories/user.go:62.8,62.29 1 0
discord-clone-server/repositories/user.go:62.29,64.34 2 0
discord-clone-server/repositories/user.go:64.34,66.4 1 0
